Determining if the pthread_create exist failed with the following output:
Change Dir: /home/gholamw/Desktop/my_fyp/picoquic/CMakeFiles/CMakeTmp

Run Build Command:"/usr/bin/make" "cmTC_5133d/fast"
/usr/bin/make -f CMakeFiles/cmTC_5133d.dir/build.make CMakeFiles/cmTC_5133d.dir/build
make[1]: Entering directory '/home/gholamw/Desktop/my_fyp/picoquic/CMakeFiles/CMakeTmp'
Building C object CMakeFiles/cmTC_5133d.dir/CheckSymbolExists.c.o
/usr/bin/cc    -std=c99 -Wall -O2 -g      -o CMakeFiles/cmTC_5133d.dir/CheckSymbolExists.c.o   -c /home/gholamw/Desktop/my_fyp/picoquic/CMakeFiles/CMakeTmp/CheckSymbolExists.c
Linking C executable cmTC_5133d
/usr/bin/cmake -E cmake_link_script CMakeFiles/cmTC_5133d.dir/link.txt --verbose=1
/usr/bin/cc  -std=c99 -Wall -O2 -g       CMakeFiles/cmTC_5133d.dir/CheckSymbolExists.c.o  -o cmTC_5133d -rdynamic 
CMakeFiles/cmTC_5133d.dir/CheckSymbolExists.c.o: In function `main':
/home/gholamw/Desktop/my_fyp/picoquic/CMakeFiles/CMakeTmp/CheckSymbolExists.c:8: undefined reference to `pthread_create'
collect2: error: ld returned 1 exit status
CMakeFiles/cmTC_5133d.dir/build.make:97: recipe for target 'cmTC_5133d' failed
make[1]: *** [cmTC_5133d] Error 1
make[1]: Leaving directory '/home/gholamw/Desktop/my_fyp/picoquic/CMakeFiles/CMakeTmp'
Makefile:126: recipe for target 'cmTC_5133d/fast' failed
make: *** [cmTC_5133d/fast] Error 2

File /home/gholamw/Desktop/my_fyp/picoquic/CMakeFiles/CMakeTmp/CheckSymbolExists.c:
/* */
#include <pthread.h>

int main(int argc, char** argv)
{
  (void)argv;
#ifndef pthread_create
  return ((int*)(&pthread_create))[argc];
#else
  (void)argc;
  return 0;
#endif
}

Determining if the function pthread_create exists in the pthreads failed with the following output:
Change Dir: /home/gholamw/Desktop/my_fyp/picoquic/CMakeFiles/CMakeTmp

Run Build Command:"/usr/bin/make" "cmTC_da216/fast"
/usr/bin/make -f CMakeFiles/cmTC_da216.dir/build.make CMakeFiles/cmTC_da216.dir/build
make[1]: Entering directory '/home/gholamw/Desktop/my_fyp/picoquic/CMakeFiles/CMakeTmp'
Building C object CMakeFiles/cmTC_da216.dir/CheckFunctionExists.c.o
/usr/bin/cc    -std=c99 -Wall -O2 -g   -DCHECK_FUNCTION_EXISTS=pthread_create   -o CMakeFiles/cmTC_da216.dir/CheckFunctionExists.c.o   -c /usr/share/cmake-3.5/Modules/CheckFunctionExists.c
Linking C executable cmTC_da216
/usr/bin/cmake -E cmake_link_script CMakeFiles/cmTC_da216.dir/link.txt --verbose=1
/usr/bin/cc  -std=c99 -Wall -O2 -g   -DCHECK_FUNCTION_EXISTS=pthread_create    CMakeFiles/cmTC_da216.dir/CheckFunctionExists.c.o  -o cmTC_da216 -rdynamic -lpthreads 
/usr/bin/ld: cannot find -lpthreads
collect2: error: ld returned 1 exit status
CMakeFiles/cmTC_da216.dir/build.make:97: recipe for target 'cmTC_da216' failed
make[1]: *** [cmTC_da216] Error 1
make[1]: Leaving directory '/home/gholamw/Desktop/my_fyp/picoquic/CMakeFiles/CMakeTmp'
Makefile:126: recipe for target 'cmTC_da216/fast' failed
make: *** [cmTC_da216/fast] Error 2


